#
# There is insufficient memory for the Java Runtime Environment to continue.
# Native memory allocation (mmap) failed to map 264241152 bytes for G1 virtual space
# Possible reasons:
#   The system is out of physical RAM or swap space
#   The process is running with CompressedOops enabled, and the Java Heap may be blocking the growth of the native heap
# Possible solutions:
#   Reduce memory load on the system
#   Increase physical memory or swap space
#   Check if swap backing store is full
#   Decrease Java heap size (-Xmx/-Xms)
#   Decrease number of Java threads
#   Decrease Java thread stack sizes (-Xss)
#   Set larger code cache with -XX:ReservedCodeCacheSize=
#   JVM is running with Zero Based Compressed Oops mode in which the Java heap is
#     placed in the first 32GB address space. The Java Heap base address is the
#     maximum limit for the native heap growth. Please use -XX:HeapBaseMinAddress
#     to set the Java Heap base and to place the Java Heap above 32GB virtual address.
# This output file may be truncated or incomplete.
#
#  Out of Memory Error (os_windows.cpp:3551), pid=167056, tid=169728
#
# JRE version:  (17.0.14+8) (build )
# Java VM: Java HotSpot(TM) 64-Bit Server VM (17.0.14+8-LTS-191, mixed mode, sharing, tiered, compressed oops, compressed class ptrs, g1 gc, windows-amd64)
# No core dump will be written. Minidumps are not enabled by default on client versions of Windows
#

---------------  S U M M A R Y ------------

Command Line: C:\Users\seyma\AppData\Local\Temp\surefire4205672674220286539\surefirebooter-20260502174232173_3.jar C:\Users\seyma\AppData\Local\Temp\surefire4205672674220286539 2026-05-02T17-42-31_633-jvmRun1 surefire-20260502174232173_1tmp surefire_0-20260502174232173_2tmp

Host: 13th Gen Intel(R) Core(TM) i5-13500H, 16 cores, 15G,  Windows 11 , 64 bit Build 26100 (10.0.26100.8246)
Time: Sat May  2 17:42:32 2026 T僡kiye Standart Saati elapsed time: 0.032864 seconds (0d 0h 0m 0s)

---------------  T H R E A D  ---------------

Current thread (0x000001adf6eb47c0):  JavaThread "Unknown thread" [_thread_in_vm, id=169728, stack(0x00000063ed100000,0x00000063ed200000)]

Stack: [0x00000063ed100000,0x00000063ed200000]
Native frames: (J=compiled Java code, j=interpreted, Vv=VM code, C=native code)
V  [jvm.dll+0x67a38a]
V  [jvm.dll+0x7da7ed]
V  [jvm.dll+0x7dc133]
V  [jvm.dll+0x7dc7a3]
V  [jvm.dll+0x24517f]
V  [jvm.dll+0x6773b9]
V  [jvm.dll+0x66c062]
V  [jvm.dll+0x302096]
V  [jvm.dll+0x309636]
V  [jvm.dll+0x359f8e]
V  [jvm.dll+0x35a1bf]
V  [jvm.dll+0x2d9168]
V  [jvm.dll+0x2da0d4]
V  [jvm.dll+0x7acf71]
V  [jvm.dll+0x3677f1]
V  [jvm.dll+0x78bdf9]
V  [jvm.dll+0x3ecbaf]
V  [jvm.dll+0x3ee7e1]
C  [jli.dll+0x5297]
C  [ucrtbase.dll+0x37b0]
C  [KERNEL32.DLL+0x2e8d7]
C  [ntdll.dll+0x8c3fc]


---------------  P R O C E S S  ---------------

Threads class SMR info:
_java_thread_list=0x00007ffc46208a18, length=0, elements={
}

Java Threads: ( => current thread )

Other Threads:
  0x000001adf6f20340 GCTaskThread "GC Thread#0" [stack: 0x00000063ed200000,0x00000063ed300000] [id=169188]
  0x000001adf6f30ca0 ConcurrentGCThread "G1 Main Marker" [stack: 0x00000063ed300000,0x00000063ed400000] [id=167212]
  0x000001adf6f33390 ConcurrentGCThread "G1 Conc#0" [stack: 0x00000063ed400000,0x00000063ed500000] [id=172912]

[error occurred during error reporting (printing all threads), id 0xc0000005, EXCEPTION_ACCESS_VIOLATION (0xc0000005) at pc=0x00007ffc45a39c57]

VM state: not at safepoint (not fully initialized)

VM Mutex/Monitor currently owned by a thread:  ([mutex/lock_event])
[0x000001adf6eaf550] Heap_lock - owner thread: 0x000001adf6eb47c0

Heap address: 0x0000000705e00000, size: 4002 MB, Compressed Oops mode: Zero based, Oop shift amount: 3

CDS archive(s) mapped at: [0x0000000000000000-0x0000000000000000-0x0000000000000000), size 0, SharedBaseAddress: 0x0000000800000000, ArchiveRelocationMode: 1.
Narrow klass base: 0x0000000000000000, Narrow klass shift: 0, Narrow klass range: 0x0

GC Precious Log:
<Empty>

Heap:
 garbage-first heap   total 0K, used 0K [0x0000000705e00000, 0x0000000800000000)
  region size 2048K, 0 young (0K), 0 survivors (0K)

[error occurred during error reporting (printing heap information), id 0xc0000005, EXCEPTION_ACCESS_VIOLATION (0xc0000005) at pc=0x00007ffc45e23b79]

GC Heap History (0 events):
No events

Deoptimization events (0 events):
No events

Classes unloaded (0 events):
No events

Classes redefined (0 events):
No events

Internal exceptions (0 events):
No events

VM Operations (0 events):
No events

Events (1 events):
Event: 0.013 Loaded shared library C:\Program Files\Java\jdk-17\bin\java.dll


Dynamic libraries:
0x00007ff6305d0000 - 0x00007ff6305e0000 	C:\Program Files\Java\jdk-17\bin\java.exe
0x00007ffcb5f40000 - 0x00007ffcb61a7000 	C:\Windows\SYSTEM32\ntdll.dll
0x00007ffcb4000000 - 0x00007ffcb40c9000 	C:\Windows\System32\KERNEL32.DLL
0x00007ffcb3200000 - 0x00007ffcb35f4000 	C:\Windows\System32\KERNELBASE.dll
0x00007ffcb3a50000 - 0x00007ffcb3b9b000 	C:\Windows\System32\ucrtbase.dll
0x00007ffcac330000 - 0x00007ffcac34b000 	C:\Program Files\Java\jdk-17\bin\VCRUNTIME140.dll
0x00007ffcac310000 - 0x00007ffcac329000 	C:\Program Files\Java\jdk-17\bin\jli.dll
0x00007ffcb3da0000 - 0x00007ffcb3e56000 	C:\Windows\System32\ADVAPI32.dll
0x00007ffcb51b0000 - 0x00007ffcb5259000 	C:\Windows\System32\msvcrt.dll
0x00007ffcb5d80000 - 0x00007ffcb5e27000 	C:\Windows\System32\sechost.dll
0x00007ffcb4f90000 - 0x00007ffcb50a8000 	C:\Windows\System32\RPCRT4.dll
0x00007ffcb5450000 - 0x00007ffcb5615000 	C:\Windows\System32\USER32.dll
0x00007ffc977a0000 - 0x00007ffc97a33000 	C:\Windows\WinSxS\amd64_microsoft.windows.common-controls_6595b64144ccf1df_6.0.26100.8115_none_3e075c82e3354f9c\COMCTL32.dll
0x00007ffcb28a0000 - 0x00007ffcb28c7000 	C:\Windows\System32\win32u.dll
0x00007ffcb3cd0000 - 0x00007ffcb3cfb000 	C:\Windows\System32\GDI32.dll
0x00007ffcb3ba0000 - 0x00007ffcb3ccb000 	C:\Windows\System32\gdi32full.dll
0x00007ffcb3600000 - 0x00007ffcb36a3000 	C:\Windows\System32\msvcp_win.dll
0x00007ffcab490000 - 0x00007ffcab49b000 	C:\Windows\SYSTEM32\VERSION.dll
0x00007ffcb4f50000 - 0x00007ffcb4f82000 	C:\Windows\System32\IMM32.DLL
0x00007ffcac3a0000 - 0x00007ffcac3ac000 	C:\Program Files\Java\jdk-17\bin\vcruntime140_1.dll
0x00007ffc88440000 - 0x00007ffc884ce000 	C:\Program Files\Java\jdk-17\bin\msvcp140.dll
0x00007ffc45750000 - 0x00007ffc46331000 	C:\Program Files\Java\jdk-17\bin\server\jvm.dll
0x00007ffcb5e30000 - 0x00007ffcb5e38000 	C:\Windows\System32\PSAPI.DLL
0x00007ffcafab0000 - 0x00007ffcafaba000 	C:\Windows\SYSTEM32\WSOCK32.dll
0x00007ffca99a0000 - 0x00007ffca99d6000 	C:\Windows\SYSTEM32\WINMM.dll
0x00007ffcb3d10000 - 0x00007ffcb3d90000 	C:\Windows\System32\WS2_32.dll
0x00007ffcb15a0000 - 0x00007ffcb15bb000 	C:\Windows\SYSTEM32\kernel.appcore.dll
0x00007ffcabda0000 - 0x00007ffcabdaa000 	C:\Program Files\Java\jdk-17\bin\jimage.dll
0x00007ffcb0600000 - 0x00007ffcb0842000 	C:\Windows\SYSTEM32\DBGHELP.DLL
0x00007ffcb5880000 - 0x00007ffcb5c02000 	C:\Windows\System32\combase.dll
0x00007ffcb4e70000 - 0x00007ffcb4f48000 	C:\Windows\System32\OLEAUT32.dll
0x00007ffc96460000 - 0x00007ffc9649b000 	C:\Windows\SYSTEM32\dbgcore.DLL
0x00007ffcb3830000 - 0x00007ffcb38d5000 	C:\Windows\System32\bcryptPrimitives.dll
0x00007ffca0060000 - 0x00007ffca0085000 	C:\Program Files\Java\jdk-17\bin\java.dll

dbghelp: loaded successfully - version: 4.0.5 - missing functions: none
symbol engine: initialized successfully - sym options: 0x614 - pdb path: .;C:\Program Files\Java\jdk-17\bin;C:\Windows\SYSTEM32;C:\Windows\WinSxS\amd64_microsoft.windows.common-controls_6595b64144ccf1df_6.0.26100.8115_none_3e075c82e3354f9c;C:\Program Files\Java\jdk-17\bin\server

VM Arguments:
java_command: C:\Users\seyma\AppData\Local\Temp\surefire4205672674220286539\surefirebooter-20260502174232173_3.jar C:\Users\seyma\AppData\Local\Temp\surefire4205672674220286539 2026-05-02T17-42-31_633-jvmRun1 surefire-20260502174232173_1tmp surefire_0-20260502174232173_2tmp
java_class_path (initial): C:\Users\seyma\AppData\Local\Temp\surefire4205672674220286539\surefirebooter-20260502174232173_3.jar
Launcher Type: SUN_STANDARD

[Global flags]
     intx CICompilerCount                          = 12                                        {product} {ergonomic}
     uint ConcGCThreads                            = 3                                         {product} {ergonomic}
     uint G1ConcRefinementThreads                  = 13                                        {product} {ergonomic}
   size_t G1HeapRegionSize                         = 2097152                                   {product} {ergonomic}
    uintx GCDrainStackTargetSize                   = 64                                        {product} {ergonomic}
   size_t InitialHeapSize                          = 264241152                                 {product} {ergonomic}
   size_t MarkStackSize                            = 4194304                                   {product} {ergonomic}
   size_t MaxHeapSize                              = 4196401152                                {product} {ergonomic}
   size_t MinHeapDeltaBytes                        = 2097152                                   {product} {ergonomic}
   size_t MinHeapSize                              = 8388608                                   {product} {ergonomic}
    uintx NonNMethodCodeHeapSize                   = 7602480                                {pd product} {ergonomic}
    uintx NonProfiledCodeHeapSize                  = 122027880                              {pd product} {ergonomic}
    uintx ProfiledCodeHeapSize                     = 122027880                              {pd product} {ergonomic}
    uintx ReservedCodeCacheSize                    = 251658240                              {pd product} {ergonomic}
     bool SegmentedCodeCache                       = true                                      {product} {ergonomic}
   size_t SoftMaxHeapSize                          = 4196401152                             {manageable} {ergonomic}
     bool UseCompressedClassPointers               = true                           {product lp64_product} {ergonomic}
     bool UseCompressedOops                        = true                           {product lp64_product} {ergonomic}
     bool UseG1GC                                  = true                                      {product} {ergonomic}
     bool UseLargePagesIndividualAllocation        = false                                  {pd product} {ergonomic}

Logging:
Log output configuration:
 #0: stdout all=warning uptime,level,tags
 #1: stderr all=off uptime,level,tags

Environment Variables:
PATH=C:\Users\seyma\bin;C:\Program Files\Git\mingw64\bin;C:\Program Files\Git\usr\local\bin;C:\Program Files\Git\usr\bin;C:\Program Files\Git\usr\bin;C:\Program Files\Git\mingw64\bin;C:\Program Files\Git\usr\bin;C:\Users\seyma\bin;C:\Program Files\Common Files\Siemens\Automation\Simatic OAM\bin;C:\Program Files\Common Files\Oracle\Java\javapath;C:\Windows\system32;C:\Windows;C:\Windows\System32\Wbem;C:\Windows\System32\WindowsPowerShell\v1.0;C:\Windows\System32\OpenSSH;C:\Program Files (x86)\NVIDIA Corporation\PhysX\Common;C:\Program Files\NVIDIA Corporation\NVIDIA NvDLISR;C:\Windows\system32;C:\Windows;C:\Windows\System32\Wbem;C:\Windows\System32\WindowsPowerShell\v1.0;C:\Windows\System32\OpenSSH;C:\Program Files\Microsoft SQL Server\150\Tools\Binn;C:\Program Files\Microsoft SQL Server\Client SDK\ODBC\170\Tools\Binn;C:\Program Files\dotnet;C:\Program Files (x86)\Windows Kits\10\Windows Performance Toolkit;C:\Program Files\Git\cmd;C:\Program Files\nodejs;C:\ProgramData\chocolatey\bin;C:\Program Files\cursor\resources\app\bin;C:\Users\seyma\Downloads\platform-tools-latest-windows\platform-tools;C:\Users\seyma\AppData\Local\Programs\Microsoft VS Code\bin;C:\Users\seyma\AppData\Local\Programs\cursor\resources\app\bin;C:\Program Files\Git\usr\bin\vendor_perl;C:\Program Files\Git\usr\bin\core_perl;C:\Users\seyma\tools\apache-maven-3.9.9\bin
USERNAME=seyma
SHELL=C:\Program Files\Git\usr\bin\bash.exe
DISPLAY=needs-to-be-defined
LANG=en_US.UTF-8
OS=Windows_NT
PROCESSOR_IDENTIFIER=Intel64 Family 6 Model 186 Stepping 2, GenuineIntel



---------------  S Y S T E M  ---------------

OS:
 Windows 11 , 64 bit Build 26100 (10.0.26100.8246)
OS uptime: 16 days 9:41 hours
Hyper-V role detected

CPU: total 16 (initial active 16) (8 cores per cpu, 2 threads per core) family 6 model 186 stepping 2 microcode 0x410e, cx8, cmov, fxsr, ht, mmx, 3dnowpref, sse, sse2, sse3, ssse3, sse4.1, sse4.2, popcnt, lzcnt, tsc, tscinvbit, avx, avx2, aes, erms, clmul, bmi1, bmi2, adx, sha, fma, vzeroupper, clflush, clflushopt, clwb, hv

Memory: 4k page, system-wide physical 16003M (1398M free)
TotalPageFile size 37960M (AvailPageFile size 126M)
current process WorkingSet (physical memory assigned to process): 12M, peak: 12M
current process commit charge ("private bytes"): 70M, peak: 322M

vm_info: Java HotSpot(TM) 64-Bit Server VM (17.0.14+8-LTS-191) for windows-amd64 JRE (17.0.14+8-LTS-191), built on Dec  3 2024 11:07:59 by "mach5one" with MS VC++ 17.6 (VS2022)

END.
